#
# A fatal error has been detected by the Java Runtime Environment:
#
#  EXCEPTION_ACCESS_VIOLATION (0xc0000005) at pc=0x00007ffe0575f136, pid=16768, tid=20108
#
# JRE version: OpenJDK Runtime Environment Temurin-17.0.13+11 (17.0.13+11) (build 17.0.13+11)
# Java VM: OpenJDK 64-Bit Server VM Temurin-17.0.13+11 (17.0.13+11, mixed mode, tiered, compressed oops, compressed class ptrs, parallel gc, windows-amd64)
# Problematic frame:
# V  [jvm.dll+0x68f136]
#
# No core dump will be written. Minidumps are not enabled by default on client versions of Windows
#
# If you would like to submit a bug report, please visit:
#   https://github.com/adoptium/adoptium-support/issues
#

---------------  S U M M A R Y ------------

Command Line: --add-modules=ALL-SYSTEM --add-opens=java.base/java.util=ALL-UNNAMED --add-opens=java.base/java.lang=ALL-UNNAMED --add-opens=java.base/sun.nio.fs=ALL-UNNAMED -Declipse.application=org.eclipse.jdt.ls.core.id1 -Dosgi.bundles.defaultStartLevel=4 -Declipse.product=org.eclipse.jdt.ls.core.product -Djava.import.generatesMetadataFilesAtProjectRoot=false -DDetectVMInstallationsJob.disabled=true -Dfile.encoding=utf8 -XX:+UseParallelGC -XX:GCTimeRatio=4 -XX:AdaptiveSizePolicyWeight=90 -Dsun.zip.disableMemoryMapping=true -Xmx1G -Xms100m -Xlog:disable -javaagent:c:\Users\User\.vscode\extensions\redhat.java-1.37.0-win32-x64\lombok\lombok-1.18.34.jar -XX:+HeapDumpOnOutOfMemoryError -XX:HeapDumpPath=c:\Users\User\AppData\Roaming\Code\User\workspaceStorage\4f358af1c5f4f64d15f5ca5b37deb1cd\redhat.java -Daether.dependencyCollector.impl=bf c:\Users\User\.vscode\extensions\redhat.java-1.37.0-win32-x64\server\plugins\org.eclipse.equinox.launcher_1.6.900.v20240613-2009.jar -configuration c:\Users\User\AppData\Roaming\Code\User\globalStorage\redhat.java\1.37.0\config_win -data c:\Users\User\AppData\Roaming\Code\User\workspaceStorage\4f358af1c5f4f64d15f5ca5b37deb1cd\redhat.java\jdt_ws --pipe=\\.\pipe\lsp-152fe64dd268f7780127718f4a5d6fd8-sock

Host: Intel(R) Core(TM) i5-6300U CPU @ 2.40GHz, 4 cores, 7G,  Windows 11 , 64 bit Build 22621 (10.0.22621.3958)
Time: Sat Dec 14 15:32:55 2024 Eastern Standard Time elapsed time: 1053.067264 seconds (0d 0h 17m 33s)

---------------  T H R E A D  ---------------

Current thread (0x000001e0fa67d5b0):  GCTaskThread "GC Thread#2" [stack: 0x000000e00b700000,0x000000e00b800000] [id=20108]

Stack: [0x000000e00b700000,0x000000e00b800000],  sp=0x000000e00b7ffb20,  free space=1022k
Native frames: (J=compiled Java code, j=interpreted, Vv=VM code, C=native code)
V  [jvm.dll+0x68f136]
V  [jvm.dll+0x6b4143]
V  [jvm.dll+0x6c3137]
V  [jvm.dll+0x86725b]
V  [jvm.dll+0x8672a6]
V  [jvm.dll+0x7e8ffc]
V  [jvm.dll+0x6818f7]
C  [ucrtbase.dll+0x29333]
C  [KERNEL32.DLL+0x1257d]
C  [ntdll.dll+0x5af08]


siginfo: EXCEPTION_ACCESS_VIOLATION (0xc0000005), reading address 0x0000000000000008


Registers:
RAX=0x0003c1c175ccf000, RBX=0x00000000cfccf1f0, RCX=0x0000000000000003, RDX=0x000001e0e0b30000
RSP=0x000000e00b7ffb20, RBP=0x000000000000000c, RSI=0x00000000cfccf1f0, RDI=0x00000000cfcd0000
R8 =0x000001e0e0bae677, R9 =0x000001e0e0f74dc8, R10=0x0000000000000000, R11=0x000000e00b7ffc08
R12=0x0000000000000200, R13=0x000001e0e09d7f2a, R14=0x000001e0e0f6d950, R15=0x00000000d6fe5230
RIP=0x00007ffe0575f136, EFLAGS=0x0000000000010246


Register to memory mapping:

RIP=0x00007ffe0575f136 jvm.dll
RAX=0x0003c1c175ccf000 is an unknown value
RBX=
[error occurred during error reporting (printing register info), id 0xc0000005, EXCEPTION_ACCESS_VIOLATION (0xc0000005) at pc=0x00007ffe0575f136]

Top of Stack: (sp=0x000000e00b7ffb20)
0x000000e00b7ffb20:   0000000000000003 0000000000004e8c
0x000000e00b7ffb30:   0000000000000000 00007ffebe1a220d
0x000000e00b7ffb40:   00000000cfcd0000 00007ffe05784143
0x000000e00b7ffb50:   00000000cfc8fff0 0000000000000001
0x000000e00b7ffb60:   000001e0e099e680 00007ffe0517d405
0x000000e00b7ffb70:   000001e0fd08cf60 00007ffe0588c749
0x000000e00b7ffb80:   00000000cfc8fff0 00000000cfc900d0
0x000000e00b7ffb90:   000000e00b7ffb80 000000e00b7ffc18
0x000000e00b7ffba0:   000000e00a9fef58 000001e0fd08cf60
0x000000e00b7ffbb0:   000001e0fa828370 00007ffe058c778e
0x000000e00b7ffbc0:   0000012680e59eca 000000e00a9fef90
0x000000e00b7ffbd0:   0000000000000000 0000000000000001
0x000000e00b7ffbe0:   000001e0fa828370 0000000000000000
0x000000e00b7ffbf0:   000000e00a9fee50 000001e0fa67d5b0
0x000000e00b7ffc00:   000000e00b7ffca9 00007ffe05793137
0x000000e00b7ffc10:   000001e0f4d84d80 000001e0e0f74d80
0x000000e00b7ffc20:   00000000c0000000 00007ffe057913e5
0x000000e00b7ffc30:   000001e0f4d84d80 0000000000000001
0x000000e00b7ffc40:   0000000000000004 0000000003160000
0x000000e00b7ffc50:   0000000100000000 000001e0fa828370
0x000000e00b7ffc60:   00007ffe00000000 00007ffebe179cee
0x000000e00b7ffc70:   000000e00a9fee50 000001e0fa4ba6b0
0x000000e00b7ffc80:   00000000000003d8 000001e0fa4ba6c0
0x000000e00b7ffc90:   000001e0fa4baa98 000000008055e333
0x000000e00b7ffca0:   0000000000000048 0000000000000001
0x000000e00b7ffcb0:   0000000000000000 0000000000000000
0x000000e00b7ffcc0:   0000000000000000 000009cadb30535a
0x000000e00b7ffcd0:   0000000000000000 000001e0fa67d5b0
0x000000e00b7ffce0:   0000000000000000 0000000000000000
0x000000e00b7ffcf0:   000000e00a9fee50 000001e0fa67d5b0
0x000000e00b7ffd00:   0000000000000000 00007ffe0593725b
0x000000e00b7ffd10:   0000000000000002 0000000000000000 

Instructions: (pc=0x00007ffe0575f136)
0x00007ffe0575f036:   8b 0d f4 6e 51 00 48 8b d3 48 8b 89 98 00 00 00
0x00007ffe0575f046:   48 83 c4 20 5b e9 40 3c fc ff 48 89 5c 24 08 48
0x00007ffe0575f056:   89 6c 24 10 48 89 74 24 18 57 48 83 ec 20 4c 8b
0x00007ffe0575f066:   51 70 4c 8d 49 48 4c 8b c2 48 8b fa 48 8b 51 68
0x00007ffe0575f076:   49 c1 e8 09 4d 03 c2 4c 3b c2 73 05 49 8b 19 eb
0x00007ffe0575f086:   30 49 0f be 00 3c ff 75 0d 49 8b 49 08 49 8b 01
0x00007ffe0575f096:   48 8d 1c c8 eb 1b 48 8b d8 49 8b c2 48 c1 e0 09
0x00007ffe0575f0a6:   48 c1 e3 03 48 2b d8 49 8b c0 48 c1 e0 09 48 03
0x00007ffe0575f0b6:   d8 49 ff c8 48 3b df 76 43 90 4c 3b c2 73 05 49
0x00007ffe0575f0c6:   8b 19 eb 30 49 0f be 00 3c ff 75 0d 49 8b 49 08
0x00007ffe0575f0d6:   49 8b 01 48 8d 1c c8 eb 1b 48 8b d8 49 8b c2 48
0x00007ffe0575f0e6:   c1 e0 09 48 c1 e3 03 48 2b d8 49 8b c0 48 c1 e0
0x00007ffe0575f0f6:   09 48 03 d8 49 ff c8 48 3b df 77 be bd 0c 00 00
0x00007ffe0575f106:   00 66 0f 1f 84 00 00 00 00 00 80 3d 81 d3 4f 00
0x00007ffe0575f116:   00 48 8b f3 74 16 44 8b 53 08 8b 0d e2 11 49 00
0x00007ffe0575f126:   49 d3 e2 4c 03 15 d0 11 49 00 eb 04 4c 8b 53 08
0x00007ffe0575f136:   45 8b 4a 08 45 85 c9 7e 1d 41 f6 c1 01 75 06 41
0x00007ffe0575f146:   c1 f9 03 eb 72 49 8b 02 48 8b d3 49 8b ca ff 90
0x00007ffe0575f156:   00 01 00 00 eb 5e 79 4c 80 3d 33 d3 4f 00 00 b9
0x00007ffe0575f166:   10 00 00 00 8b 05 d4 20 49 00 48 0f 45 cd ff c8
0x00007ffe0575f176:   4c 63 c0 41 8b c1 48 c1 f8 10 48 63 14 19 41 8b
0x00007ffe0575f186:   c9 83 e1 3f 48 d3 e2 0f b6 c8 49 8d 04 10 49 f7
0x00007ffe0575f196:   d0 48 03 c8 4d 8b c8 49 c1 e9 03 48 c1 e9 03 44
0x00007ffe0575f1a6:   23 c9 eb 13 4d 8b 02 48 8b d3 49 8b ca 41 ff 90
0x00007ffe0575f1b6:   00 01 00 00 44 8b c8 49 63 c9 48 8d 1c cb 48 3b
0x00007ffe0575f1c6:   df 0f 86 43 ff ff ff 48 8b 5c 24 30 48 8b c6 48
0x00007ffe0575f1d6:   8b 74 24 40 48 8b 6c 24 38 48 83 c4 20 5f c3 cc
0x00007ffe0575f1e6:   cc cc cc cc cc cc cc cc cc cc 48 83 ec 28 45 33
0x00007ffe0575f1f6:   c0 41 8d 50 05 8d 4a 13 e8 cd 82 a1 ff 48 85 c0
0x00007ffe0575f206:   74 22 48 8d 0d e1 29 32 00 48 89 08 48 8b 0d 5f
0x00007ffe0575f216:   48 53 00 48 89 48 08 48 c7 40 10 00 00 00 00 48
0x00007ffe0575f226:   83 c4 28 c3 48 83 c4 28 c3 cc 48 83 ec 28 e8 c7 


Stack slot to memory mapping:
stack at sp + 0 slots: 0x0000000000000003 is an unknown value
stack at sp + 1 slots: 0x0000000000004e8c is an unknown value
stack at sp + 2 slots: 0x0 is NULL
stack at sp + 3 slots: 0x00007ffebe1a220d KERNELBASE.dll
stack at sp + 4 slots: 
[error occurred during error reporting (inspecting top of stack), id 0xc0000005, EXCEPTION_ACCESS_VIOLATION (0xc0000005) at pc=0x00007ffe0575f136]


---------------  P R O C E S S  ---------------

Threads class SMR info:
_java_thread_list=0x000001e0fbac2200, length=39, elements={
0x000001e0e0f5dba0, 0x000001e0f4d9e020, 0x000001e0f4da0390, 0x000001e0f4db3dc0,
0x000001e0f4db4980, 0x000001e0f4dd6ff0, 0x000001e0f4dd8350, 0x000001e0f4dd9140,
0x000001e0f9f02790, 0x000001e0f9f554f0, 0x000001e0e0fc0f00, 0x000001e0fa202ea0,
0x000001e0fa9dddc0, 0x000001e0fad69b60, 0x000001e0fad69070, 0x000001e0fad7f3f0,
0x000001e0fa8a9d10, 0x000001e0fa5c18f0, 0x000001e0fa5c2820, 0x000001e0fa5c3240,
0x000001e0fa5c3c60, 0x000001e0fa5c0ed0, 0x000001e0fa5c1e00, 0x000001e0fa5c13e0,
0x000001e0fb89cec0, 0x000001e0fb89d3d0, 0x000001e0fb89b060, 0x000001e0fb8a0160,
0x000001e0fb89bf90, 0x000001e0fb89d8e0, 0x000001e0fb89e300, 0x000001e0fb89c9b0,
0x000001e0fb8a29e0, 0x000001e0fb8a15a0, 0x000001e0fb89fc50, 0x000001e0fb89f230,
0x000001e0fb89f740, 0x000001e0fb89ddf0, 0x000001e0fb89c4a0
}

Java Threads: ( => current thread )
  0x000001e0e0f5dba0 JavaThread "main" [_thread_blocked, id=2768, stack(0x000000e00a700000,0x000000e00a800000)]
  0x000001e0f4d9e020 JavaThread "Reference Handler" daemon [_thread_blocked, id=10920, stack(0x000000e00aa00000,0x000000e00ab00000)]
  0x000001e0f4da0390 JavaThread "Finalizer" daemon [_thread_blocked, id=11884, stack(0x000000e00ab00000,0x000000e00ac00000)]
  0x000001e0f4db3dc0 JavaThread "Signal Dispatcher" daemon [_thread_blocked, id=8820, stack(0x000000e00ac00000,0x000000e00ad00000)]
  0x000001e0f4db4980 JavaThread "Attach Listener" daemon [_thread_blocked, id=11208, stack(0x000000e00ad00000,0x000000e00ae00000)]
  0x000001e0f4dd6ff0 JavaThread "Service Thread" daemon [_thread_blocked, id=19260, stack(0x000000e00ae00000,0x000000e00af00000)]
  0x000001e0f4dd8350 JavaThread "Monitor Deflation Thread" daemon [_thread_blocked, id=19692, stack(0x000000e00af00000,0x000000e00b000000)]
  0x000001e0f4dd9140 JavaThread "C2 CompilerThread0" daemon [_thread_blocked, id=20428, stack(0x000000e00b000000,0x000000e00b100000)]
  0x000001e0f9f02790 JavaThread "C1 CompilerThread0" daemon [_thread_blocked, id=12708, stack(0x000000e00b100000,0x000000e00b200000)]
  0x000001e0f9f554f0 JavaThread "Sweeper thread" daemon [_thread_blocked, id=10716, stack(0x000000e00b200000,0x000000e00b300000)]
  0x000001e0e0fc0f00 JavaThread "Common-Cleaner" daemon [_thread_blocked, id=13052, stack(0x000000e00b300000,0x000000e00b400000)]
  0x000001e0fa202ea0 JavaThread "Notification Thread" daemon [_thread_blocked, id=17156, stack(0x000000e00b400000,0x000000e00b500000)]
  0x000001e0fa9dddc0 JavaThread "Active Thread: Equinox Container: 92b27789-e515-40cc-b700-0cc42b5ce492" [_thread_blocked, id=17912, stack(0x000000e00ba00000,0x000000e00bb00000)]
  0x000001e0fad69b60 JavaThread "Refresh Thread: Equinox Container: 92b27789-e515-40cc-b700-0cc42b5ce492" daemon [_thread_blocked, id=16612, stack(0x000000e00b900000,0x000000e00ba00000)]
  0x000001e0fad69070 JavaThread "Framework Event Dispatcher: Equinox Container: 92b27789-e515-40cc-b700-0cc42b5ce492" daemon [_thread_blocked, id=18564, stack(0x000000e00bb00000,0x000000e00bc00000)]
  0x000001e0fad7f3f0 JavaThread "Start Level: Equinox Container: 92b27789-e515-40cc-b700-0cc42b5ce492" daemon [_thread_blocked, id=4232, stack(0x000000e00bc00000,0x000000e00bd00000)]
  0x000001e0fa8a9d10 JavaThread "Bundle File Closer" daemon [_thread_blocked, id=18624, stack(0x000000e00bd00000,0x000000e00be00000)]
  0x000001e0fa5c18f0 JavaThread "SCR Component Actor" daemon [_thread_blocked, id=8720, stack(0x000000e00be00000,0x000000e00bf00000)]
  0x000001e0fa5c2820 JavaThread "Worker-JM" [_thread_blocked, id=11484, stack(0x000000e00c000000,0x000000e00c100000)]
  0x000001e0fa5c3240 JavaThread "Worker-2" [_thread_blocked, id=16628, stack(0x000000e00c300000,0x000000e00c400000)]
  0x000001e0fa5c3c60 JavaThread "Worker-3" [_thread_blocked, id=4696, stack(0x000000e00c500000,0x000000e00c600000)]
  0x000001e0fa5c0ed0 JavaThread "Java indexing" daemon [_thread_blocked, id=10264, stack(0x000000e00c600000,0x000000e00c700000)]
  0x000001e0fa5c1e00 JavaThread "JNA Cleaner" daemon [_thread_blocked, id=13720, stack(0x000000e00bf00000,0x000000e00c000000)]
  0x000001e0fa5c13e0 JavaThread "Thread-2" daemon [_thread_in_native, id=14688, stack(0x000000e00c900000,0x000000e00ca00000)]
  0x000001e0fb89cec0 JavaThread "Thread-3" daemon [_thread_in_native, id=10128, stack(0x000000e00ca00000,0x000000e00cb00000)]
  0x000001e0fb89d3d0 JavaThread "Thread-4" daemon [_thread_in_native, id=8048, stack(0x000000e00cb00000,0x000000e00cc00000)]
  0x000001e0fb89b060 JavaThread "Thread-5" daemon [_thread_in_native, id=13576, stack(0x000000e00cc00000,0x000000e00cd00000)]
  0x000001e0fb8a0160 JavaThread "Thread-6" daemon [_thread_in_native, id=6516, stack(0x000000e00cd00000,0x000000e00ce00000)]
  0x000001e0fb89bf90 JavaThread "pool-2-thread-1" [_thread_blocked, id=16004, stack(0x000000e00ce00000,0x000000e00cf00000)]
  0x000001e0fb89d8e0 JavaThread "WorkspaceEventsHandler" [_thread_blocked, id=19408, stack(0x000000e00d000000,0x000000e00d100000)]
  0x000001e0fb89e300 JavaThread "pool-1-thread-1" [_thread_blocked, id=10784, stack(0x000000e00d100000,0x000000e00d200000)]
  0x000001e0fb89c9b0 JavaThread "Cleaner-0" daemon [_thread_blocked, id=20052, stack(0x000000e00a500000,0x000000e00a600000)]
  0x000001e0fb8a29e0 JavaThread "Java Debug Server" daemon [_thread_in_native, id=5360, stack(0x000000e00a600000,0x000000e00a700000)]
  0x000001e0fb8a15a0 JavaThread "RxSchedulerPurge-1" daemon [_thread_blocked, id=8028, stack(0x000000e00d700000,0x000000e00d800000)]
  0x000001e0fb89fc50 JavaThread "RxCachedWorkerPoolEvictor-1" daemon [_thread_blocked, id=12304, stack(0x000000e00d800000,0x000000e00d900000)]
  0x000001e0fb89f230 JavaThread "ForkJoinPool.commonPool-worker-5" daemon [_thread_blocked, id=18384, stack(0x000000e00c100000,0x000000e00c200000)]
  0x000001e0fb89f740 JavaThread "pool-3-thread-3" [_thread_blocked, id=19820, stack(0x000000e00c200000,0x000000e00c300000)]
  0x000001e0fb89ddf0 JavaThread "process reaper" daemon [_thread_blocked, id=13788, stack(0x000000e00a130000,0x000000e00a150000)]
  0x000001e0fb89c4a0 JavaThread "ForkJoinPool.commonPool-worker-6" daemon [_thread_blocked, id=13812, stack(0x000000e00c700000,0x000000e00c800000)]

Other Threads:
  0x000001e0e0fe8230 VMThread "VM Thread" [stack: 0x000000e00a900000,0x000000e00aa00000] [id=14784]
  0x000001e0fa201ac0 WatcherThread [stack: 0x000000e00b500000,0x000000e00b600000] [id=18444]
  0x000001e0e0f748b0 GCTaskThread "GC Thread#0" [stack: 0x000000e00a800000,0x000000e00a900000] [id=2848]
  0x000001e0fa2d7690 GCTaskThread "GC Thread#1" [stack: 0x000000e00b600000,0x000000e00b700000] [id=14024]
=>0x000001e0fa67d5b0 GCTaskThread "GC Thread#2" [stack: 0x000000e00b700000,0x000000e00b800000] [id=20108]
  0x000001e0fa67d870 GCTaskThread "GC Thread#3" [stack: 0x000000e00b800000,0x000000e00b900000] [id=18612]

Threads with active compile tasks:
C2 CompilerThread0  1053149 9649       4       org.eclipse.core.internal.filesystem.FileStoreUtil::compareSlashFirst (108 bytes)

VM state: at safepoint (normal execution)

VM Mutex/Monitor currently owned by a thread:  ([mutex/lock_event])
[0x000001e0e0f5aa40] Threads_lock - owner thread: 0x000001e0e0fe8230
[0x000001e0e0f59f90] Heap_lock - owner thread: 0x000001e0fb89c4a0

Heap address: 0x00000000c0000000, size: 1024 MB, Compressed Oops mode: 32-bit

CDS archive(s) not mapped
Compressed class space mapped at: 0x0000000100000000-0x0000000140000000, reserved size: 1073741824
Narrow klass base: 0x0000000000000000, Narrow klass shift: 3, Narrow klass range: 0x140000000

GC Precious Log:
 CPUs: 4 total, 4 available
 Memory: 8083M
 Large Page Support: Disabled
 NUMA Support: Disabled
 Compressed Oops: Enabled (32-bit)
 Alignments: Space 512K, Generation 512K, Heap 2M
 Heap Min Capacity: 100M
 Heap Initial Capacity: 100M
 Heap Max Capacity: 1G
 Pre-touch: Disabled
 Parallel Workers: 4

Heap:
 PSYoungGen      total 9728K, used 9696K [0x00000000eab00000, 0x00000000eb780000, 0x0000000100000000)
  eden space 7680K, 100% used [0x00000000eab00000,0x00000000eb280000,0x00000000eb280000)
  from space 2048K, 98% used [0x00000000eb380000,0x00000000eb578078,0x00000000eb580000)
  to   space 2048K, 0% used [0x00000000eb580000,0x00000000eb580000,0x00000000eb780000)
 ParOldGen       total 395776K, used 376724K [0x00000000c0000000, 0x00000000d8280000, 0x00000000eab00000)
  object space 395776K, 95% used [0x00000000c0000000,0x00000000d6fe5230,0x00000000d8280000)
 Metaspace       used 77380K, committed 78592K, reserved 1179648K
  class space    used 8384K, committed 8896K, reserved 1048576K

Card table byte_map: [0x000001e0e0920000,0x000001e0e0b30000] _byte_map_base: 0x000001e0e0320000

Marking Bits: (ParMarkBitMap*) 0x00007ffe05c76940
 Begin Bits: [0x000001e0f2bf0000, 0x000001e0f3bf0000)
 End Bits:   [0x000001e0f3bf0000, 0x000001e0f4bf0000)

Polling page: 0x000001e0e0710000

Metaspace:

Usage:
  Non-class:     67.38 MB used.
      Class:      8.19 MB used.
       Both:     75.57 MB used.

Virtual space:
  Non-class space:      128.00 MB reserved,      68.06 MB ( 53%) committed,  2 nodes.
      Class space:        1.00 GB reserved,       8.69 MB ( <1%) committed,  1 nodes.
             Both:        1.12 GB reserved,      76.75 MB (  7%) committed. 

Chunk freelists:
   Non-Class:  11.99 MB
       Class:  7.28 MB
        Both:  19.27 MB

MaxMetaspaceSize: unlimited
CompressedClassSpaceSize: 1.00 GB
Initial GC threshold: 21.00 MB
Current GC threshold: 125.44 MB
CDS: off
MetaspaceReclaimPolicy: balanced
 - commit_granule_bytes: 65536.
 - commit_granule_words: 8192.
 - virtual_space_node_default_size: 8388608.
 - enlarge_chunks_in_place: 1.
 - new_chunks_are_fully_committed: 0.
 - uncommit_free_chunks: 1.
 - use_allocation_guard: 0.
 - handle_deallocations: 1.


Internal statistics:

num_allocs_failed_limit: 9.
num_arena_births: 838.
num_arena_deaths: 26.
num_vsnodes_births: 3.
num_vsnodes_deaths: 0.
num_space_committed: 1228.
num_space_uncommitted: 0.
num_chunks_returned_to_freelist: 37.
num_chunks_taken_from_freelist: 3943.
num_chunk_merges: 14.
num_chunk_splits: 2419.
num_chunks_enlarged: 1374.
num_inconsistent_stats: 0.

CodeHeap 'non-profiled nmethods': size=120000Kb used=6639Kb max_used=6639Kb free=113361Kb
 bounds [0x000001e0eb6c0000, 0x000001e0ebd40000, 0x000001e0f2bf0000]
CodeHeap 'profiled nmethods': size=120000Kb used=17539Kb max_used=17539Kb free=102461Kb
 bounds [0x000001e0e3bf0000, 0x000001e0e4d20000, 0x000001e0eb120000]
CodeHeap 'non-nmethods': size=5760Kb used=1433Kb max_used=1529Kb free=4326Kb
 bounds [0x000001e0eb120000, 0x000001e0eb390000, 0x000001e0eb6c0000]
 total_blobs=8928 nmethods=8129 adapters=713
 compilation: enabled
              stopped_count=0, restarted_count=0
 full_count=0

Compilation events (20 events):
Event: 1028.020 Thread 0x000001e0f4dd9140 nmethod 9639% 0x000001e0ebd3ac10 code [0x000001e0ebd3ade0, 0x000001e0ebd3b3c0]
Event: 1028.628 Thread 0x000001e0f9f02790 9641       3       java.util.concurrent.CompletableFuture::postComplete (94 bytes)
Event: 1028.631 Thread 0x000001e0f9f02790 nmethod 9641 0x000001e0e4d0eb10 code [0x000001e0e4d0ee20, 0x000001e0e4d10218]
Event: 1028.681 Thread 0x000001e0f9f02790 9642       3       java.lang.String::format (16 bytes)
Event: 1028.682 Thread 0x000001e0f9f02790 nmethod 9642 0x000001e0e4d10910 code [0x000001e0e4d10b40, 0x000001e0e4d11228]
Event: 1028.682 Thread 0x000001e0f9f02790 9643       3       java.util.Formatter::<init> (18 bytes)
Event: 1028.683 Thread 0x000001e0f9f02790 nmethod 9643 0x000001e0e4d11510 code [0x000001e0e4d116e0, 0x000001e0e4d11a18]
Event: 1028.683 Thread 0x000001e0f9f02790 9644       3       java.util.Formatter::<init> (21 bytes)
Event: 1028.684 Thread 0x000001e0f9f02790 nmethod 9644 0x000001e0e4d11b90 code [0x000001e0e4d11d20, 0x000001e0e4d11eb8]
Event: 1028.729 Thread 0x000001e0f9f02790 9645   !   3       com.google.gson.Gson::toJson (34 bytes)
Event: 1028.730 Thread 0x000001e0f9f02790 nmethod 9645 0x000001e0e4d11f90 code [0x000001e0e4d12180, 0x000001e0e4d12758]
Event: 1028.730 Thread 0x000001e0f9f02790 9646       3       com.google.gson.internal.Streams::writerForAppendable (23 bytes)
Event: 1028.730 Thread 0x000001e0f9f02790 nmethod 9646 0x000001e0e4d12a10 code [0x000001e0e4d12bc0, 0x000001e0e4d12f88]
Event: 1028.730 Thread 0x000001e0f9f02790 9647       3       com.google.gson.Gson::newJsonWriter (69 bytes)
Event: 1028.731 Thread 0x000001e0f9f02790 nmethod 9647 0x000001e0e4d13090 code [0x000001e0e4d132a0, 0x000001e0e4d138f8]
Event: 1028.734 Thread 0x000001e0f4dd9140 9648       4       java.util.concurrent.atomic.AtomicReferenceArray::get (12 bytes)
Event: 1028.739 Thread 0x000001e0f4dd9140 nmethod 9648 0x000001e0ebd3b890 code [0x000001e0ebd3ba00, 0x000001e0ebd3bab8]
Event: 1053.038 Thread 0x000001e0f4dd9140 9649       4       org.eclipse.core.internal.filesystem.FileStoreUtil::compareSlashFirst (108 bytes)
Event: 1053.039 Thread 0x000001e0f9f02790 9650  s    3       org.eclipse.core.internal.resources.ProjectDescription::getFilter (21 bytes)
Event: 1053.039 Thread 0x000001e0f9f02790 nmethod 9650 0x000001e0e4d13b10 code [0x000001e0e4d13ce0, 0x000001e0e4d140e8]

GC Heap History (20 events):
Event: 110.152 GC heap after
{Heap after GC invocations=274 (full 14):
 PSYoungGen      total 13824K, used 10214K [0x00000000eab00000, 0x00000000ece80000, 0x0000000100000000)
  eden space 3584K, 0% used [0x00000000eab00000,0x00000000eab00000,0x00000000eae80000)
  from space 10240K, 99% used [0x00000000ebc80000,0x00000000ec679910,0x00000000ec680000)
  to   space 14336K, 0% used [0x00000000eae80000,0x00000000eae80000,0x00000000ebc80000)
 ParOldGen       total 395776K, used 352797K [0x00000000c0000000, 0x00000000d8280000, 0x00000000eab00000)
  object space 395776K, 89% used [0x00000000c0000000,0x00000000d58875f8,0x00000000d8280000)
 Metaspace       used 75927K, committed 77120K, reserved 1179648K
  class space    used 8249K, committed 8768K, reserved 1048576K
}
Event: 110.180 GC heap before
{Heap before GC invocations=275 (full 14):
 PSYoungGen      total 13824K, used 13798K [0x00000000eab00000, 0x00000000ece80000, 0x0000000100000000)
  eden space 3584K, 100% used [0x00000000eab00000,0x00000000eae80000,0x00000000eae80000)
  from space 10240K, 99% used [0x00000000ebc80000,0x00000000ec679910,0x00000000ec680000)
  to   space 14336K, 0% used [0x00000000eae80000,0x00000000eae80000,0x00000000ebc80000)
 ParOldGen       total 395776K, used 352797K [0x00000000c0000000, 0x00000000d8280000, 0x00000000eab00000)
  object space 395776K, 89% used [0x00000000c0000000,0x00000000d58875f8,0x00000000d8280000)
 Metaspace       used 75929K, committed 77120K, reserved 1179648K
  class space    used 8249K, committed 8768K, reserved 1048576K
}
Event: 110.198 GC heap after
{Heap after GC invocations=275 (full 14):
 PSYoungGen      total 8704K, used 4977K [0x00000000eab00000, 0x00000000ebf00000, 0x0000000100000000)
  eden space 3584K, 0% used [0x00000000eab00000,0x00000000eab00000,0x00000000eae80000)
  from space 5120K, 97% used [0x00000000eae80000,0x00000000eb35c548,0x00000000eb380000)
  to   space 8192K, 0% used [0x00000000eb700000,0x00000000eb700000,0x00000000ebf00000)
 ParOldGen       total 395776K, used 359282K [0x00000000c0000000, 0x00000000d8280000, 0x00000000eab00000)
  object space 395776K, 90% used [0x00000000c0000000,0x00000000d5edcaf0,0x00000000d8280000)
 Metaspace       used 75929K, committed 77120K, reserved 1179648K
  class space    used 8249K, committed 8768K, reserved 1048576K
}
Event: 110.214 GC heap before
{Heap before GC invocations=276 (full 14):
 PSYoungGen      total 8704K, used 8561K [0x00000000eab00000, 0x00000000ebf00000, 0x0000000100000000)
  eden space 3584K, 100% used [0x00000000eab00000,0x00000000eae80000,0x00000000eae80000)
  from space 5120K, 97% used [0x00000000eae80000,0x00000000eb35c548,0x00000000eb380000)
  to   space 8192K, 0% used [0x00000000eb700000,0x00000000eb700000,0x00000000ebf00000)
 ParOldGen       total 395776K, used 359282K [0x00000000c0000000, 0x00000000d8280000, 0x00000000eab00000)
  object space 395776K, 90% used [0x00000000c0000000,0x00000000d5edcaf0,0x00000000d8280000)
 Metaspace       used 75929K, committed 77120K, reserved 1179648K
  class space    used 8249K, committed 8768K, reserved 1048576K
}
Event: 110.229 GC heap after
{Heap after GC invocations=276 (full 14):
 PSYoungGen      total 7168K, used 2400K [0x00000000eab00000, 0x00000000eb980000, 0x0000000100000000)
  eden space 4608K, 0% used [0x00000000eab00000,0x00000000eab00000,0x00000000eaf80000)
  from space 2560K, 93% used [0x00000000eb700000,0x00000000eb958000,0x00000000eb980000)
  to   space 4096K, 0% used [0x00000000eb180000,0x00000000eb180000,0x00000000eb580000)
 ParOldGen       total 395776K, used 363104K [0x00000000c0000000, 0x00000000d8280000, 0x00000000eab00000)
  object space 395776K, 91% used [0x00000000c0000000,0x00000000d62981d0,0x00000000d8280000)
 Metaspace       used 75929K, committed 77120K, reserved 1179648K
  class space    used 8249K, committed 8768K, reserved 1048576K
}
Event: 110.310 GC heap before
{Heap before GC invocations=277 (full 14):
 PSYoungGen      total 7168K, used 7008K [0x00000000eab00000, 0x00000000eb980000, 0x0000000100000000)
  eden space 4608K, 100% used [0x00000000eab00000,0x00000000eaf80000,0x00000000eaf80000)
  from space 2560K, 93% used [0x00000000eb700000,0x00000000eb958000,0x00000000eb980000)
  to   space 4096K, 0% used [0x00000000eb180000,0x00000000eb180000,0x00000000eb580000)
 ParOldGen       total 395776K, used 363104K [0x00000000c0000000, 0x00000000d8280000, 0x00000000eab00000)
  object space 395776K, 91% used [0x00000000c0000000,0x00000000d62981d0,0x00000000d8280000)
 Metaspace       used 75933K, committed 77120K, reserved 1179648K
  class space    used 8250K, committed 8768K, reserved 1048576K
}
Event: 110.317 GC heap after
{Heap after GC invocations=277 (full 14):
 PSYoungGen      total 9728K, used 4079K [0x00000000eab00000, 0x00000000ebf80000, 0x0000000100000000)
  eden space 5632K, 0% used [0x00000000eab00000,0x00000000eab00000,0x00000000eb080000)
  from space 4096K, 99% used [0x00000000eb180000,0x00000000eb57be00,0x00000000eb580000)
  to   space 7680K, 0% used [0x00000000eb800000,0x00000000eb800000,0x00000000ebf80000)
 ParOldGen       total 395776K, used 365624K [0x00000000c0000000, 0x00000000d8280000, 0x00000000eab00000)
  object space 395776K, 92% used [0x00000000c0000000,0x00000000d650e1d0,0x00000000d8280000)
 Metaspace       used 75933K, committed 77120K, reserved 1179648K
  class space    used 8250K, committed 8768K, reserved 1048576K
}
Event: 110.556 GC heap before
{Heap before GC invocations=278 (full 14):
 PSYoungGen      total 9728K, used 9595K [0x00000000eab00000, 0x00000000ebf80000, 0x0000000100000000)
  eden space 5632K, 97% used [0x00000000eab00000,0x00000000eb062e68,0x00000000eb080000)
  from space 4096K, 99% used [0x00000000eb180000,0x00000000eb57be00,0x00000000eb580000)
  to   space 7680K, 0% used [0x00000000eb800000,0x00000000eb800000,0x00000000ebf80000)
 ParOldGen       total 395776K, used 365624K [0x00000000c0000000, 0x00000000d8280000, 0x00000000eab00000)
  object space 395776K, 92% used [0x00000000c0000000,0x00000000d650e1d0,0x00000000d8280000)
 Metaspace       used 75940K, committed 77120K, reserved 1179648K
  class space    used 8250K, committed 8768K, reserved 1048576K
}
Event: 110.567 GC heap after
{Heap after GC invocations=278 (full 14):
 PSYoungGen      total 10240K, used 3242K [0x00000000eab00000, 0x00000000ebb80000, 0x0000000100000000)
  eden space 6656K, 0% used [0x00000000eab00000,0x00000000eab00000,0x00000000eb180000)
  from space 3584K, 90% used [0x00000000eb800000,0x00000000ebb2abc0,0x00000000ebb80000)
  to   space 4608K, 0% used [0x00000000eb280000,0x00000000eb280000,0x00000000eb700000)
 ParOldGen       total 395776K, used 369612K [0x00000000c0000000, 0x00000000d8280000, 0x00000000eab00000)
  object space 395776K, 93% used [0x00000000c0000000,0x00000000d68f3200,0x00000000d8280000)
 Metaspace       used 75940K, committed 77120K, reserved 1179648K
  class space    used 8250K, committed 8768K, reserved 1048576K
}
Event: 110.737 GC heap before
{Heap before GC invocations=279 (full 14):
 PSYoungGen      total 10240K, used 9677K [0x00000000eab00000, 0x00000000ebb80000, 0x0000000100000000)
  eden space 6656K, 96% used [0x00000000eab00000,0x00000000eb1488f8,0x00000000eb180000)
  from space 3584K, 90% used [0x00000000eb800000,0x00000000ebb2abc0,0x00000000ebb80000)
  to   space 4608K, 0% used [0x00000000eb280000,0x00000000eb280000,0x00000000eb700000)
 ParOldGen       total 395776K, used 369612K [0x00000000c0000000, 0x00000000d8280000, 0x00000000eab00000)
  object space 395776K, 93% used [0x00000000c0000000,0x00000000d68f3200,0x00000000d8280000)
 Metaspace       used 75969K, committed 77184K, reserved 1179648K
  class space    used 8252K, committed 8768K, reserved 1048576K
}
Event: 110.750 GC heap after
{Heap after GC invocations=279 (full 14):
 PSYoungGen      total 12288K, used 4163K [0x00000000eab00000, 0x00000000ebb80000, 0x0000000100000000)
  eden space 7680K, 0% used [0x00000000eab00000,0x00000000eab00000,0x00000000eb280000)
  from space 4608K, 90% used [0x00000000eb280000,0x00000000eb690c48,0x00000000eb700000)
  to   space 4608K, 0% used [0x00000000eb700000,0x00000000eb700000,0x00000000ebb80000)
 ParOldGen       total 395776K, used 372591K [0x00000000c0000000, 0x00000000d8280000, 0x00000000eab00000)
  object space 395776K, 94% used [0x00000000c0000000,0x00000000d6bdbe40,0x00000000d8280000)
 Metaspace       used 75969K, committed 77184K, reserved 1179648K
  class space    used 8252K, committed 8768K, reserved 1048576K
}
Event: 194.869 GC heap before
{Heap before GC invocations=280 (full 14):
 PSYoungGen      total 12288K, used 11826K [0x00000000eab00000, 0x00000000ebb80000, 0x0000000100000000)
  eden space 7680K, 99% used [0x00000000eab00000,0x00000000eb27bf48,0x00000000eb280000)
  from space 4608K, 90% used [0x00000000eb280000,0x00000000eb690c48,0x00000000eb700000)
  to   space 4608K, 0% used [0x00000000eb700000,0x00000000eb700000,0x00000000ebb80000)
 ParOldGen       total 395776K, used 372591K [0x00000000c0000000, 0x00000000d8280000, 0x00000000eab00000)
  object space 395776K, 94% used [0x00000000c0000000,0x00000000d6bdbe40,0x00000000d8280000)
 Metaspace       used 76124K, committed 77376K, reserved 1179648K
  class space    used 8271K, committed 8832K, reserved 1048576K
}
Event: 194.877 GC heap after
{Heap after GC invocations=280 (full 14):
 PSYoungGen      total 9216K, used 1024K [0x00000000eab00000, 0x00000000eb880000, 0x0000000100000000)
  eden space 7680K, 0% used [0x00000000eab00000,0x00000000eab00000,0x00000000eb280000)
  from space 1536K, 66% used [0x00000000eb700000,0x00000000eb800018,0x00000000eb880000)
  to   space 2560K, 0% used [0x00000000eb380000,0x00000000eb380000,0x00000000eb600000)
 ParOldGen       total 395776K, used 376375K [0x00000000c0000000, 0x00000000d8280000, 0x00000000eab00000)
  object space 395776K, 95% used [0x00000000c0000000,0x00000000d6f8dd90,0x00000000d8280000)
 Metaspace       used 76124K, committed 77376K, reserved 1179648K
  class space    used 8271K, committed 8832K, reserved 1048576K
}
Event: 204.643 GC heap before
{Heap before GC invocations=281 (full 14):
 PSYoungGen      total 9216K, used 8704K [0x00000000eab00000, 0x00000000eb880000, 0x0000000100000000)
  eden space 7680K, 100% used [0x00000000eab00000,0x00000000eb280000,0x00000000eb280000)
  from space 1536K, 66% used [0x00000000eb700000,0x00000000eb800018,0x00000000eb880000)
  to   space 2560K, 0% used [0x00000000eb380000,0x00000000eb380000,0x00000000eb600000)
 ParOldGen       total 395776K, used 376375K [0x00000000c0000000, 0x00000000d8280000, 0x00000000eab00000)
  object space 395776K, 95% used [0x00000000c0000000,0x00000000d6f8dd90,0x00000000d8280000)
 Metaspace       used 76711K, committed 77952K, reserved 1179648K
  class space    used 8341K, committed 8832K, reserved 1048576K
}
Event: 204.650 GC heap after
{Heap after GC invocations=281 (full 14):
 PSYoungGen      total 9728K, used 1584K [0x00000000eab00000, 0x00000000eb780000, 0x0000000100000000)
  eden space 7680K, 0% used [0x00000000eab00000,0x00000000eab00000,0x00000000eb280000)
  from space 2048K, 77% used [0x00000000eb380000,0x00000000eb50c068,0x00000000eb580000)
  to   space 2048K, 0% used [0x00000000eb580000,0x00000000eb580000,0x00000000eb780000)
 ParOldGen       total 395776K, used 376383K [0x00000000c0000000, 0x00000000d8280000, 0x00000000eab00000)
  object space 395776K, 95% used [0x00000000c0000000,0x00000000d6f8fd90,0x00000000d8280000)
 Metaspace       used 76711K, committed 77952K, reserved 1179648K
  class space    used 8341K, committed 8832K, reserved 1048576K
}
Event: 205.810 GC heap before
{Heap before GC invocations=282 (full 14):
 PSYoungGen      total 9728K, used 9264K [0x00000000eab00000, 0x00000000eb780000, 0x0000000100000000)
  eden space 7680K, 99% used [0x00000000eab00000,0x00000000eb27fff8,0x00000000eb280000)
  from space 2048K, 77% used [0x00000000eb380000,0x00000000eb50c068,0x00000000eb580000)
  to   space 2048K, 0% used [0x00000000eb580000,0x00000000eb580000,0x00000000eb780000)
 ParOldGen       total 395776K, used 376383K [0x00000000c0000000, 0x00000000d8280000, 0x00000000eab00000)
  object space 395776K, 95% used [0x00000000c0000000,0x00000000d6f8fd90,0x00000000d8280000)
 Metaspace       used 77041K, committed 78272K, reserved 1179648K
  class space    used 8373K, committed 8896K, reserved 1048576K
}
Event: 205.815 GC heap after
{Heap after GC invocations=282 (full 14):
 PSYoungGen      total 9728K, used 1936K [0x00000000eab00000, 0x00000000eb780000, 0x0000000100000000)
  eden space 7680K, 0% used [0x00000000eab00000,0x00000000eab00000,0x00000000eb280000)
  from space 2048K, 94% used [0x00000000eb580000,0x00000000eb764048,0x00000000eb780000)
  to   space 2048K, 0% used [0x00000000eb380000,0x00000000eb380000,0x00000000eb580000)
 ParOldGen       total 395776K, used 376383K [0x00000000c0000000, 0x00000000d8280000, 0x00000000eab00000)
  object space 395776K, 95% used [0x00000000c0000000,0x00000000d6f8fd90,0x00000000d8280000)
 Metaspace       used 77041K, committed 78272K, reserved 1179648K
  class space    used 8373K, committed 8896K, reserved 1048576K
}
Event: 215.302 GC heap before
{Heap before GC invocations=283 (full 14):
 PSYoungGen      total 9728K, used 9616K [0x00000000eab00000, 0x00000000eb780000, 0x0000000100000000)
  eden space 7680K, 99% used [0x00000000eab00000,0x00000000eb27fff8,0x00000000eb280000)
  from space 2048K, 94% used [0x00000000eb580000,0x00000000eb764048,0x00000000eb780000)
  to   space 2048K, 0% used [0x00000000eb380000,0x00000000eb380000,0x00000000eb580000)
 ParOldGen       total 395776K, used 376383K [0x00000000c0000000, 0x00000000d8280000, 0x00000000eab00000)
  object space 395776K, 95% used [0x00000000c0000000,0x00000000d6f8fd90,0x00000000d8280000)
 Metaspace       used 77202K, committed 78400K, reserved 1179648K
  class space    used 8377K, committed 8896K, reserved 1048576K
}
Event: 215.311 GC heap after
{Heap after GC invocations=283 (full 14):
 PSYoungGen      total 9728K, used 2016K [0x00000000eab00000, 0x00000000eb780000, 0x0000000100000000)
  eden space 7680K, 0% used [0x00000000eab00000,0x00000000eab00000,0x00000000eb280000)
  from space 2048K, 98% used [0x00000000eb380000,0x00000000eb578078,0x00000000eb580000)
  to   space 2048K, 0% used [0x00000000eb580000,0x00000000eb580000,0x00000000eb780000)
 ParOldGen       total 395776K, used 376724K [0x00000000c0000000, 0x00000000d8280000, 0x00000000eab00000)
  object space 395776K, 95% used [0x00000000c0000000,0x00000000d6fe5230,0x00000000d8280000)
 Metaspace       used 77202K, committed 78400K, reserved 1179648K
  class space    used 8377K, committed 8896K, reserved 1048576K
}
Event: 1053.044 GC heap before
{Heap before GC invocations=284 (full 14):
 PSYoungGen      total 9728K, used 9696K [0x00000000eab00000, 0x00000000eb780000, 0x0000000100000000)
  eden space 7680K, 100% used [0x00000000eab00000,0x00000000eb280000,0x00000000eb280000)
  from space 2048K, 98% used [0x00000000eb380000,0x00000000eb578078,0x00000000eb580000)
  to   space 2048K, 0% used [0x00000000eb580000,0x00000000eb580000,0x00000000eb780000)
 ParOldGen       total 395776K, used 376724K [0x00000000c0000000, 0x00000000d8280000, 0x00000000eab00000)
  object space 395776K, 95% used [0x00000000c0000000,0x00000000d6fe5230,0x00000000d8280000)
 Metaspace       used 77380K, committed 78592K, reserved 1179648K
  class space    used 8384K, committed 8896K, reserved 1048576K
}

Dll operation events (14 events):
Event: 0.026 Loaded shared library c:\Users\User\.vscode\extensions\redhat.java-1.37.0-win32-x64\jre\17.0.13-win32-x86_64\bin\java.dll
Event: 0.499 Loaded shared library c:\Users\User\.vscode\extensions\redhat.java-1.37.0-win32-x64\jre\17.0.13-win32-x86_64\bin\zip.dll
Event: 0.514 Loaded shared library C:\Users\User\.vscode\extensions\redhat.java-1.37.0-win32-x64\jre\17.0.13-win32-x86_64\bin\instrument.dll
Event: 0.537 Loaded shared library C:\Users\User\.vscode\extensions\redhat.java-1.37.0-win32-x64\jre\17.0.13-win32-x86_64\bin\net.dll
Event: 0.541 Loaded shared library C:\Users\User\.vscode\extensions\redhat.java-1.37.0-win32-x64\jre\17.0.13-win32-x86_64\bin\nio.dll
Event: 0.551 Loaded shared library C:\Users\User\.vscode\extensions\redhat.java-1.37.0-win32-x64\jre\17.0.13-win32-x86_64\bin\zip.dll
Event: 0.593 Loaded shared library C:\Users\User\.vscode\extensions\redhat.java-1.37.0-win32-x64\jre\17.0.13-win32-x86_64\bin\jimage.dll
Event: 0.765 Loaded shared library c:\Users\User\.vscode\extensions\redhat.java-1.37.0-win32-x64\jre\17.0.13-win32-x86_64\bin\verify.dll
Event: 5.394 Loaded shared library C:\Users\User\AppData\Roaming\Code\User\globalStorage\redhat.java\1.37.0\config_win\org.eclipse.equinox.launcher\org.eclipse.equinox.launcher.win32.win32.x86_64_1.2.1100.v20240722-2106\eclipse_11904.dll
Event: 11.500 Loaded shared library C:\Users\User\.vscode\extensions\redhat.java-1.37.0-win32-x64\jre\17.0.13-win32-x86_64\bin\management.dll
Event: 11.514 Loaded shared library C:\Users\User\.vscode\extensions\redhat.java-1.37.0-win32-x64\jre\17.0.13-win32-x86_64\bin\management_ext.dll
Event: 19.959 Loaded shared library C:\Users\User\AppData\Local\Temp\jna-2645995\jna3100218291610718237.dll
Event: 28.567 Loaded shared library C:\Users\User\.vscode\extensions\redhat.java-1.37.0-win32-x64\jre\17.0.13-win32-x86_64\bin\sunmscapi.dll
Event: 29.492 Loaded shared library C:\Users\User\.vscode\extensions\redhat.java-1.37.0-win32-x64\jre\17.0.13-win32-x86_64\bin\extnet.dll

Deoptimization events (20 events):
Event: 205.326 Thread 0x000001e0fb89f740 DEOPT PACKING pc=0x000001e0ebaeb030 sp=0x000000e00d4fe830
Event: 205.326 Thread 0x000001e0fb89f740 DEOPT UNPACKING pc=0x000001e0eb1766a3 sp=0x000000e00d4fe760 mode 2
Event: 205.719 Thread 0x000001e0fb89f740 Uncommon trap: trap_request=0xffffffd6 fr.pc=0x000001e0eba175b0 relative=0x00000000000004f0
Event: 205.719 Thread 0x000001e0fb89f740 Uncommon trap: reason=array_check action=maybe_recompile pc=0x000001e0eba175b0 method=java.util.TimSort.binarySort([Ljava/lang/Object;IIILjava/util/Comparator;)V @ 193 c2
Event: 205.719 Thread 0x000001e0fb89f740 DEOPT PACKING pc=0x000001e0eba175b0 sp=0x000000e00d4fe0d0
Event: 205.719 Thread 0x000001e0fb89f740 DEOPT UNPACKING pc=0x000001e0eb1766a3 sp=0x000000e00d4fe090 mode 2
Event: 205.719 Thread 0x000001e0fb89c4a0 Uncommon trap: trap_request=0xffffffde fr.pc=0x000001e0ebb097ec relative=0x000000000000006c
Event: 205.719 Thread 0x000001e0fb89c4a0 Uncommon trap: reason=class_check action=maybe_recompile pc=0x000001e0ebb097ec method=java.util.LinkedHashMap.afterNodeInsertion(Z)V @ 15 c2
Event: 205.719 Thread 0x000001e0fb89c4a0 DEOPT PACKING pc=0x000001e0ebb097ec sp=0x000000e00d5fed90
Event: 205.719 Thread 0x000001e0fb89c4a0 DEOPT UNPACKING pc=0x000001e0eb1766a3 sp=0x000000e00d5fed08 mode 2
Event: 214.681 Thread 0x000001e0fb89c4a0 DEOPT PACKING pc=0x000001e0e4a31d51 sp=0x000000e00d5fdf90
Event: 214.681 Thread 0x000001e0fb89c4a0 DEOPT UNPACKING pc=0x000001e0eb176e43 sp=0x000000e00d5fd4a0 mode 0
Event: 214.705 Thread 0x000001e0fb89c4a0 DEOPT PACKING pc=0x000001e0e4c06a0d sp=0x000000e00d5fd200
Event: 214.705 Thread 0x000001e0fb89c4a0 DEOPT UNPACKING pc=0x000001e0eb176e43 sp=0x000000e00d5fc8e8 mode 0
Event: 215.314 Thread 0x000001e0fb89ddf0 Uncommon trap: trap_request=0xffffffc6 fr.pc=0x000001e0ebb1be1c relative=0x000000000000103c
Event: 215.314 Thread 0x000001e0fb89ddf0 Uncommon trap: reason=bimorphic_or_optimized_type_check action=maybe_recompile pc=0x000001e0ebb1be1c method=java.util.TimSort.binarySort([Ljava/lang/Object;IIILjava/util/Comparator;)V @ 93 c2
Event: 215.314 Thread 0x000001e0fb89ddf0 DEOPT PACKING pc=0x000001e0ebb1be1c sp=0x000000e00c2fe530
Event: 215.314 Thread 0x000001e0fb89ddf0 DEOPT UNPACKING pc=0x000001e0eb1766a3 sp=0x000000e00c2fe510 mode 2
Event: 215.541 Thread 0x000001e0fa5c3240 DEOPT PACKING pc=0x000001e0e4c06a0d sp=0x000000e00c3fda20
Event: 215.541 Thread 0x000001e0fa5c3240 DEOPT UNPACKING pc=0x000001e0eb176e43 sp=0x000000e00c3fd108 mode 0

Classes loaded (20 events):
Event: 74.013 Loading class java/util/stream/IntPipeline$1$1
Event: 74.013 Loading class java/util/stream/IntPipeline$1$1 done
Event: 113.217 Loading class java/util/stream/Streams$RangeIntSpliterator
Event: 113.217 Loading class java/util/stream/Streams$RangeIntSpliterator done
Event: 113.232 Loading class java/lang/ProcessHandleImpl$ExitCompletion
Event: 113.232 Loading class java/lang/ProcessHandleImpl$ExitCompletion done
Event: 113.232 Loading class java/lang/ProcessHandleImpl$1
Event: 113.233 Loading class java/lang/ProcessHandleImpl$1 done
Event: 113.235 Loading class java/util/concurrent/CompletableFuture$UniHandle
Event: 113.235 Loading class java/util/concurrent/CompletableFuture$UniHandle done
Event: 200.955 Loading class java/util/stream/ReferencePipeline$4
Event: 200.956 Loading class java/util/stream/ReferencePipeline$4 done
Event: 200.956 Loading class java/util/stream/Nodes$IntFixedNodeBuilder
Event: 200.957 Loading class java/util/stream/Node$Builder$OfInt
Event: 200.957 Loading class java/util/stream/Node$Builder$OfInt done
Event: 200.957 Loading class java/util/stream/Nodes$IntArrayNode
Event: 200.957 Loading class java/util/stream/Nodes$IntArrayNode done
Event: 200.957 Loading class java/util/stream/Nodes$IntFixedNodeBuilder done
Event: 200.957 Loading class java/util/stream/ReferencePipeline$4$1
Event: 200.958 Loading class java/util/stream/ReferencePipeline$4$1 done

Classes unloaded (13 events):
Event: 17.137 Thread 0x000001e0e0fe8230 Unloading class 0x0000000100332000 'java/lang/invoke/LambdaForm$MH+0x0000000100332000'
Event: 17.137 Thread 0x000001e0e0fe8230 Unloading class 0x0000000100331400 'java/lang/invoke/LambdaForm$MH+0x0000000100331400'
Event: 17.137 Thread 0x000001e0e0fe8230 Unloading class 0x0000000100330800 'java/lang/invoke/LambdaForm$MH+0x0000000100330800'
Event: 17.137 Thread 0x000001e0e0fe8230 Unloading class 0x000000010032bc00 'java/lang/invoke/LambdaForm$MH+0x000000010032bc00'
Event: 17.137 Thread 0x000001e0e0fe8230 Unloading class 0x000000010032b400 'java/lang/invoke/LambdaForm$MH+0x000000010032b400'
Event: 17.137 Thread 0x000001e0e0fe8230 Unloading class 0x0000000100254000 'java/lang/invoke/LambdaForm$MH+0x0000000100254000'
Event: 17.137 Thread 0x000001e0e0fe8230 Unloading class 0x0000000100253c00 'java/lang/invoke/LambdaForm$MH+0x0000000100253c00'
Event: 17.137 Thread 0x000001e0e0fe8230 Unloading class 0x0000000100253800 'java/lang/invoke/LambdaForm$MH+0x0000000100253800'
Event: 17.137 Thread 0x000001e0e0fe8230 Unloading class 0x0000000100253400 'java/lang/invoke/LambdaForm$MH+0x0000000100253400'
Event: 17.137 Thread 0x000001e0e0fe8230 Unloading class 0x0000000100253000 'java/lang/invoke/LambdaForm$BMH+0x0000000100253000'
Event: 17.137 Thread 0x000001e0e0fe8230 Unloading class 0x0000000100252c00 'java/lang/invoke/LambdaForm$DMH+0x0000000100252c00'
Event: 17.138 Thread 0x000001e0e0fe8230 Unloading class 0x0000000100250400 'java/lang/invoke/LambdaForm$DMH+0x0000000100250400'
Event: 62.424 Thread 0x000001e0e0fe8230 Unloading class 0x00000001007bc800 'java/lang/invoke/LambdaForm$DMH+0x00000001007bc800'

Classes redefined (0 events):
No events

Internal exceptions (20 events):
Event: 63.878 Thread 0x000001e0fb89ed20 Exception <a 'java/io/FileNotFoundException'{0x00000000eb81f910}> (0x00000000eb81f910) 
thrown [s\src\hotspot\share\prims\jni.cpp, line 516]
Event: 65.989 Thread 0x000001e0fb89ed20 Exception <a 'java/lang/NoSuchMethodError'{0x00000000eac614b8}: 'java.lang.Object java.lang.invoke.DirectMethodHandle$Holder.invokeVirtual(java.lang.Object, java.lang.Object, java.lang.Object, java.lang.Object)'> (0x00000000eac614b8) 
thrown [s\src\hotspot\share\interpreter\linkResolver.cpp, line 759]
Event: 66.382 Thread 0x000001e0fb8a1fc0 Exception <a 'java/lang/NoSuchMethodError'{0x00000000eab78db0}: 'java.lang.Object java.lang.invoke.DirectMethodHandle$Holder.invokeStatic(java.lang.Object, long, java.lang.Object, java.lang.Object)'> (0x00000000eab78db0) 
thrown [s\src\hotspot\share\interpreter\linkResolver.cpp, line 759]
Event: 66.384 Thread 0x000001e0fb8a1fc0 Exception <a 'java/lang/NoSuchMethodError'{0x00000000eab7fbb0}: 'java.lang.Object java.lang.invoke.DirectMethodHandle$Holder.newInvokeSpecial(java.lang.Object, long)'> (0x00000000eab7fbb0) 
thrown [s\src\hotspot\share\interpreter\linkResolver.cpp, line 759]
Event: 67.242 Thread 0x000001e0fa5c0ed0 Implicit null exception at 0x000001e0ebbe2824 to 0x000001e0ebbe6e30
Event: 110.028 Thread 0x000001e0fa5c0ed0 Exception <a 'sun/nio/fs/WindowsException'{0x00000000eb0f6398}> (0x00000000eb0f6398) 
thrown [s\src\hotspot\share\prims\jni.cpp, line 516]
Event: 110.914 Thread 0x000001e0fa5c0ed0 Exception <a 'sun/nio/fs/WindowsException'{0x00000000eace9df8}> (0x00000000eace9df8) 
thrown [s\src\hotspot\share\prims\jni.cpp, line 516]
Event: 111.046 Thread 0x000001e0fb89c4a0 Implicit null exception at 0x000001e0ebc8a6a0 to 0x000001e0ebc8b210
Event: 194.721 Thread 0x000001e0fb89c4a0 Exception <a 'sun/nio/fs/WindowsException'{0x00000000eb1f0618}> (0x00000000eb1f0618) 
thrown [s\src\hotspot\share\prims\jni.cpp, line 516]
Event: 194.721 Thread 0x000001e0fb89c4a0 Exception <a 'sun/nio/fs/WindowsException'{0x00000000eb1f0d50}> (0x00000000eb1f0d50) 
thrown [s\src\hotspot\share\prims\jni.cpp, line 516]
Event: 194.722 Thread 0x000001e0fb89c4a0 Exception <a 'sun/nio/fs/WindowsException'{0x00000000eb1f1f10}> (0x00000000eb1f1f10) 
thrown [s\src\hotspot\share\prims\jni.cpp, line 516]
Event: 194.723 Thread 0x000001e0fb89c4a0 Exception <a 'sun/nio/fs/WindowsException'{0x00000000eb1f28d0}> (0x00000000eb1f28d0) 
thrown [s\src\hotspot\share\prims\jni.cpp, line 516]
Event: 194.725 Thread 0x000001e0fb89c4a0 Exception <a 'sun/nio/fs/WindowsException'{0x00000000eb1f43e8}> (0x00000000eb1f43e8) 
thrown [s\src\hotspot\share\prims\jni.cpp, line 516]
Event: 194.725 Thread 0x000001e0fb89c4a0 Exception <a 'sun/nio/fs/WindowsException'{0x00000000eb1f4d60}> (0x00000000eb1f4d60) 
thrown [s\src\hotspot\share\prims\jni.cpp, line 516]
Event: 1026.615 Thread 0x000001e0fb89f230 Exception <a 'sun/nio/fs/WindowsException'{0x00000000eb10a460}> (0x00000000eb10a460) 
thrown [s\src\hotspot\share\prims\jni.cpp, line 516]
Event: 1026.615 Thread 0x000001e0fb89f230 Exception <a 'sun/nio/fs/WindowsException'{0x00000000eb10ab98}> (0x00000000eb10ab98) 
thrown [s\src\hotspot\share\prims\jni.cpp, line 516]
Event: 1026.616 Thread 0x000001e0fb89f230 Exception <a 'sun/nio/fs/WindowsException'{0x00000000eb10bab0}> (0x00000000eb10bab0) 
thrown [s\src\hotspot\share\prims\jni.cpp, line 516]
Event: 1026.616 Thread 0x000001e0fb89f230 Exception <a 'sun/nio/fs/WindowsException'{0x00000000eb10c470}> (0x00000000eb10c470) 
thrown [s\src\hotspot\share\prims\jni.cpp, line 516]
Event: 1026.617 Thread 0x000001e0fb89f230 Exception <a 'sun/nio/fs/WindowsException'{0x00000000eb10df80}> (0x00000000eb10df80) 
thrown [s\src\hotspot\share\prims\jni.cpp, line 516]
Event: 1026.618 Thread 0x000001e0fb89f230 Exception <a 'sun/nio/fs/WindowsException'{0x00000000eb10e698}> (0x00000000eb10e698) 
thrown [s\src\hotspot\share\prims\jni.cpp, line 516]

VM Operations (20 events):
Event: 262.654 Executing VM operation: Cleanup done
Event: 264.674 Executing VM operation: Cleanup
Event: 264.674 Executing VM operation: Cleanup done
Event: 311.922 Executing VM operation: Cleanup
Event: 311.922 Executing VM operation: Cleanup done
Event: 355.947 Executing VM operation: Cleanup
Event: 355.947 Executing VM operation: Cleanup done
Event: 381.154 Executing VM operation: Cleanup
Event: 381.154 Executing VM operation: Cleanup done
Event: 425.452 Executing VM operation: Cleanup
Event: 425.452 Executing VM operation: Cleanup done
Event: 481.208 Executing VM operation: HandshakeAllThreads
Event: 481.208 Executing VM operation: HandshakeAllThreads done
Event: 926.628 Executing VM operation: Cleanup
Event: 926.628 Executing VM operation: Cleanup done
Event: 1027.273 Executing VM operation: Cleanup
Event: 1027.273 Executing VM operation: Cleanup done
Event: 1029.287 Executing VM operation: Cleanup
Event: 1029.287 Executing VM operation: Cleanup done
Event: 1053.044 Executing VM operation: ParallelGCFailedAllocation

Memory protections (0 events):
No events

Nmethod flushes (20 events):
Event: 63.102 Thread 0x000001e0f9f554f0 flushing  nmethod 0x000001e0e4a4a910
Event: 63.102 Thread 0x000001e0f9f554f0 flushing  nmethod 0x000001e0e4a8ea90
Event: 63.103 Thread 0x000001e0f9f554f0 flushing  nmethod 0x000001e0e4aae890
Event: 63.103 Thread 0x000001e0f9f554f0 flushing  nmethod 0x000001e0e4ab1790
Event: 63.103 Thread 0x000001e0f9f554f0 flushing  nmethod 0x000001e0e4ac8810
Event: 63.103 Thread 0x000001e0f9f554f0 flushing  nmethod 0x000001e0e4ad7a10
Event: 63.103 Thread 0x000001e0f9f554f0 flushing  nmethod 0x000001e0e4ae2010
Event: 63.103 Thread 0x000001e0f9f554f0 flushing  nmethod 0x000001e0e4ae6610
Event: 63.103 Thread 0x000001e0f9f554f0 flushing  nmethod 0x000001e0e4aead90
Event: 63.103 Thread 0x000001e0f9f554f0 flushing  nmethod 0x000001e0e4aeb690
Event: 63.103 Thread 0x000001e0f9f554f0 flushing  nmethod 0x000001e0e4b00710
Event: 63.103 Thread 0x000001e0f9f554f0 flushing  nmethod 0x000001e0e4b04710
Event: 63.103 Thread 0x000001e0f9f554f0 flushing  nmethod 0x000001e0e4b04c10
Event: 63.103 Thread 0x000001e0f9f554f0 flushing osr nmethod 0x000001e0e4b4e690
Event: 63.104 Thread 0x000001e0f9f554f0 flushing  nmethod 0x000001e0e4bc9d10
Event: 63.104 Thread 0x000001e0f9f554f0 flushing  nmethod 0x000001e0e4bca090
Event: 63.104 Thread 0x000001e0f9f554f0 flushing osr nmethod 0x000001e0e4be0610
Event: 63.104 Thread 0x000001e0f9f554f0 flushing  nmethod 0x000001e0e4be8990
Event: 63.104 Thread 0x000001e0f9f554f0 flushing  nmethod 0x000001e0e4bee510
Event: 79.970 Thread 0x000001e0f9f554f0 flushing  nmethod 0x000001e0e4b85290

Events (20 events):
Event: 207.240 Thread 0x000001e0faa76970 Thread exited: 0x000001e0faa76970
Event: 214.708 Thread 0x000001e0f9f02790 Thread added: 0x000001e0faa76970
Event: 216.520 Thread 0x000001e0faa76970 Thread exited: 0x000001e0faa76970
Event: 227.029 Thread 0x000001e0fb8a1ab0 Thread exited: 0x000001e0fb8a1ab0
Event: 256.597 Thread 0x000001e0fb89f230 Thread exited: 0x000001e0fb89f230
Event: 348.720 Thread 0x000001e0fb89f740 Thread exited: 0x000001e0fb89f740
Event: 355.580 Thread 0x000001e0fa5c3c60 Thread added: 0x000001e0fb8a1ab0
Event: 355.593 Thread 0x000001e0fb8a1ab0 Thread exited: 0x000001e0fb8a1ab0
Event: 522.410 Thread 0x000001e0fb89c4a0 Thread exited: 0x000001e0fb89c4a0
Event: 582.413 Thread 0x000001e0fb89ddf0 Thread exited: 0x000001e0fb89ddf0
Event: 1017.638 Thread 0x000001e0fb89e300 Thread added: 0x000001e0fb89f230
Event: 1026.751 Thread 0x000001e0fb8a29e0 Thread added: 0x000001e0fb89f740
Event: 1026.764 Thread 0x000001e0fb89f740 Thread added: 0x000001e0fb89b570
Event: 1026.783 Thread 0x000001e0fb89b570 Thread added: 0x000001e0fb8a1ab0
Event: 1027.027 Thread 0x000001e0fb89f740 Thread added: 0x000001e0fb89c4a0
Event: 1027.044 Thread 0x000001e0fb8a1ab0 Thread exited: 0x000001e0fb8a1ab0
Event: 1028.010 Thread 0x000001e0fb89c4a0 Thread added: 0x000001e0fb89ddf0
Event: 1028.016 Thread 0x000001e0fb89c4a0 Thread exited: 0x000001e0fb89c4a0
Event: 1028.628 Thread 0x000001e0fb89f230 Thread added: 0x000001e0fb89c4a0
Event: 1028.736 Thread 0x000001e0fb89b570 Thread exited: 0x000001e0fb89b570


Dynamic libraries:
0x00007ff7f1920000 - 0x00007ff7f192e000 	c:\Users\User\.vscode\extensions\redhat.java-1.37.0-win32-x64\jre\17.0.13-win32-x86_64\bin\java.exe
0x00007ffec0e30000 - 0x00007ffec1047000 	C:\Windows\SYSTEM32\ntdll.dll
0x00007ffebfba0000 - 0x00007ffebfc64000 	C:\Windows\System32\KERNEL32.DLL
0x00007ffebe140000 - 0x00007ffebe4f7000 	C:\Windows\System32\KERNELBASE.dll
0x00007ffebe980000 - 0x00007ffebea91000 	C:\Windows\System32\ucrtbase.dll
0x00007ffe8b1d0000 - 0x00007ffe8b1e7000 	c:\Users\User\.vscode\extensions\redhat.java-1.37.0-win32-x64\jre\17.0.13-win32-x86_64\bin\jli.dll
0x00007ffebf050000 - 0x00007ffebf1ff000 	C:\Windows\System32\USER32.dll
0x00007ffebe710000 - 0x00007ffebe736000 	C:\Windows\System32\win32u.dll
0x00007ffec08e0000 - 0x00007ffec0909000 	C:\Windows\System32\GDI32.dll
0x00007ffebe7e0000 - 0x00007ffebe8f8000 	C:\Windows\System32\gdi32full.dll
0x00007ffebe740000 - 0x00007ffebe7da000 	C:\Windows\System32\msvcp_win.dll
0x00007ffe8aff0000 - 0x00007ffe8b00e000 	c:\Users\User\.vscode\extensions\redhat.java-1.37.0-win32-x64\jre\17.0.13-win32-x86_64\bin\VCRUNTIME140.dll
0x00007ffeaa050000 - 0x00007ffeaa2e3000 	C:\Windows\WinSxS\amd64_microsoft.windows.common-controls_6595b64144ccf1df_6.0.22621.3672_none_2713b9d173822955\COMCTL32.dll
0x00007ffebf760000 - 0x00007ffebf807000 	C:\Windows\System32\msvcrt.dll
0x00007ffebfb60000 - 0x00007ffebfb91000 	C:\Windows\System32\IMM32.DLL
0x00007ffea90b0000 - 0x00007ffea90bc000 	c:\Users\User\.vscode\extensions\redhat.java-1.37.0-win32-x64\jre\17.0.13-win32-x86_64\bin\vcruntime140_1.dll
0x00007ffe70830000 - 0x00007ffe708bd000 	c:\Users\User\.vscode\extensions\redhat.java-1.37.0-win32-x64\jre\17.0.13-win32-x86_64\bin\msvcp140.dll
0x00007ffe050d0000 - 0x00007ffe05d3b000 	c:\Users\User\.vscode\extensions\redhat.java-1.37.0-win32-x64\jre\17.0.13-win32-x86_64\bin\server\jvm.dll
0x00007ffec0bd0000 - 0x00007ffec0c82000 	C:\Windows\System32\ADVAPI32.dll
0x00007ffec0910000 - 0x00007ffec09b8000 	C:\Windows\System32\sechost.dll
0x00007ffebe670000 - 0x00007ffebe698000 	C:\Windows\System32\bcrypt.dll
0x00007ffec09c0000 - 0x00007ffec0ad4000 	C:\Windows\System32\RPCRT4.dll
0x00007ffebfad0000 - 0x00007ffebfb41000 	C:\Windows\System32\WS2_32.dll
0x00007ffebe010000 - 0x00007ffebe05d000 	C:\Windows\SYSTEM32\POWRPROF.dll
0x00007ffeb6e30000 - 0x00007ffeb6e64000 	C:\Windows\SYSTEM32\WINMM.dll
0x00007ffeb2340000 - 0x00007ffeb234a000 	C:\Windows\SYSTEM32\VERSION.dll
0x00007ffebdff0000 - 0x00007ffebe003000 	C:\Windows\SYSTEM32\UMPDC.dll
0x00007ffebd150000 - 0x00007ffebd168000 	C:\Windows\SYSTEM32\kernel.appcore.dll
0x00007ffea9080000 - 0x00007ffea908a000 	c:\Users\User\.vscode\extensions\redhat.java-1.37.0-win32-x64\jre\17.0.13-win32-x86_64\bin\jimage.dll
0x00007ffebb190000 - 0x00007ffebb3c2000 	C:\Windows\SYSTEM32\DBGHELP.DLL
0x00007ffebecc0000 - 0x00007ffebf04e000 	C:\Windows\System32\combase.dll
0x00007ffebf200000 - 0x00007ffebf2d7000 	C:\Windows\System32\OLEAUT32.dll
0x00007ffea0c20000 - 0x00007ffea0c52000 	C:\Windows\SYSTEM32\dbgcore.DLL
0x00007ffebe900000 - 0x00007ffebe97b000 	C:\Windows\System32\bcryptPrimitives.dll
0x00007ffea9040000 - 0x00007ffea904e000 	c:\Users\User\.vscode\extensions\redhat.java-1.37.0-win32-x64\jre\17.0.13-win32-x86_64\bin\instrument.dll
0x00007ffe89f10000 - 0x00007ffe89f35000 	c:\Users\User\.vscode\extensions\redhat.java-1.37.0-win32-x64\jre\17.0.13-win32-x86_64\bin\java.dll
0x00007ffe8a480000 - 0x00007ffe8a498000 	c:\Users\User\.vscode\extensions\redhat.java-1.37.0-win32-x64\jre\17.0.13-win32-x86_64\bin\zip.dll
0x00007ffebfc70000 - 0x00007ffec04d9000 	C:\Windows\System32\SHELL32.dll
0x00007ffebc060000 - 0x00007ffebc95f000 	C:\Windows\SYSTEM32\windows.storage.dll
0x00007ffebbf20000 - 0x00007ffebc05f000 	C:\Windows\SYSTEM32\wintypes.dll
0x00007ffec0c90000 - 0x00007ffec0d89000 	C:\Windows\System32\SHCORE.dll
0x00007ffec04e0000 - 0x00007ffec053e000 	C:\Windows\System32\shlwapi.dll
0x00007ffebe070000 - 0x00007ffebe097000 	C:\Windows\SYSTEM32\profapi.dll
0x00007ffe89240000 - 0x00007ffe89259000 	C:\Users\User\.vscode\extensions\redhat.java-1.37.0-win32-x64\jre\17.0.13-win32-x86_64\bin\net.dll
0x00007ffeb6700000 - 0x00007ffeb6836000 	C:\Windows\SYSTEM32\WINHTTP.dll
0x00007ffebd5b0000 - 0x00007ffebd619000 	C:\Windows\system32\mswsock.dll
0x00007ffe85c70000 - 0x00007ffe85c86000 	C:\Users\User\.vscode\extensions\redhat.java-1.37.0-win32-x64\jre\17.0.13-win32-x86_64\bin\nio.dll
0x00007ffea8ff0000 - 0x00007ffea9000000 	c:\Users\User\.vscode\extensions\redhat.java-1.37.0-win32-x64\jre\17.0.13-win32-x86_64\bin\verify.dll
0x00007ffe71350000 - 0x00007ffe71395000 	C:\Users\User\AppData\Roaming\Code\User\globalStorage\redhat.java\1.37.0\config_win\org.eclipse.equinox.launcher\org.eclipse.equinox.launcher.win32.win32.x86_64_1.2.1100.v20240722-2106\eclipse_11904.dll
0x00007ffec05f0000 - 0x00007ffec0795000 	C:\Windows\System32\ole32.dll
0x00007ffea7320000 - 0x00007ffea732a000 	C:\Users\User\.vscode\extensions\redhat.java-1.37.0-win32-x64\jre\17.0.13-win32-x86_64\bin\management.dll
0x00007ffea70f0000 - 0x00007ffea70fb000 	C:\Users\User\.vscode\extensions\redhat.java-1.37.0-win32-x64\jre\17.0.13-win32-x86_64\bin\management_ext.dll
0x00007ffec07d0000 - 0x00007ffec07d8000 	C:\Windows\System32\PSAPI.DLL
0x00007ffebd900000 - 0x00007ffebd91b000 	C:\Windows\SYSTEM32\CRYPTSP.dll
0x00007ffebd0b0000 - 0x00007ffebd0e5000 	C:\Windows\system32\rsaenh.dll
0x00007ffebd650000 - 0x00007ffebd678000 	C:\Windows\SYSTEM32\USERENV.dll
0x00007ffebd8e0000 - 0x00007ffebd8ec000 	C:\Windows\SYSTEM32\CRYPTBASE.dll
0x00007ffebcbc0000 - 0x00007ffebcbed000 	C:\Windows\SYSTEM32\IPHLPAPI.DLL
0x00007ffebfb50000 - 0x00007ffebfb59000 	C:\Windows\System32\NSI.dll
0x00007ffeb68c0000 - 0x00007ffeb68d9000 	C:\Windows\SYSTEM32\dhcpcsvc6.DLL
0x00007ffeb6850000 - 0x00007ffeb686f000 	C:\Windows\SYSTEM32\dhcpcsvc.DLL
0x00007ffebcc30000 - 0x00007ffebcd32000 	C:\Windows\SYSTEM32\DNSAPI.dll
0x00007ffe7b420000 - 0x00007ffe7b469000 	C:\Users\User\AppData\Local\Temp\jna-2645995\jna3100218291610718237.dll
0x00007ffea6b50000 - 0x00007ffea6b5e000 	C:\Users\User\.vscode\extensions\redhat.java-1.37.0-win32-x64\jre\17.0.13-win32-x86_64\bin\sunmscapi.dll
0x00007ffebe500000 - 0x00007ffebe666000 	C:\Windows\System32\CRYPT32.dll
0x00007ffebda10000 - 0x00007ffebda3d000 	C:\Windows\SYSTEM32\ncrypt.dll
0x00007ffebd9d0000 - 0x00007ffebda07000 	C:\Windows\SYSTEM32\NTASN1.dll
0x0000000052590000 - 0x000000005259b000 	C:\Program Files\National Instruments\Shared\mDNS Responder\nimdnsNSP.dll
0x0000000052570000 - 0x0000000052581000 	C:\Windows\SYSTEM32\nimdnsResponder.dll
0x00007ffeb2db0000 - 0x00007ffeb2dba000 	C:\Windows\System32\rasadhlp.dll
0x00007ffeb3b90000 - 0x00007ffeb3c13000 	C:\Windows\System32\fwpuclnt.dll
0x00007ffea5c70000 - 0x00007ffea5c79000 	C:\Users\User\.vscode\extensions\redhat.java-1.37.0-win32-x64\jre\17.0.13-win32-x86_64\bin\extnet.dll

dbghelp: loaded successfully - version: 4.0.5 - missing functions: none
symbol engine: initialized successfully - sym options: 0x614 - pdb path: .;c:\Users\User\.vscode\extensions\redhat.java-1.37.0-win32-x64\jre\17.0.13-win32-x86_64\bin;C:\Windows\SYSTEM32;C:\Windows\WinSxS\amd64_microsoft.windows.common-controls_6595b64144ccf1df_6.0.22621.3672_none_2713b9d173822955;c:\Users\User\.vscode\extensions\redhat.java-1.37.0-win32-x64\jre\17.0.13-win32-x86_64\bin\server;C:\Users\User\AppData\Roaming\Code\User\globalStorage\redhat.java\1.37.0\config_win\org.eclipse.equinox.launcher\org.eclipse.equinox.launcher.win32.win32.x86_64_1.2.1100.v20240722-2106;C:\Users\User\AppData\Local\Temp\jna-2645995;C:\Program Files\National Instruments\Shared\mDNS Responder

VM Arguments:
jvm_args: --add-modules=ALL-SYSTEM --add-opens=java.base/java.util=ALL-UNNAMED --add-opens=java.base/java.lang=ALL-UNNAMED --add-opens=java.base/sun.nio.fs=ALL-UNNAMED -Declipse.application=org.eclipse.jdt.ls.core.id1 -Dosgi.bundles.defaultStartLevel=4 -Declipse.product=org.eclipse.jdt.ls.core.product -Djava.import.generatesMetadataFilesAtProjectRoot=false -DDetectVMInstallationsJob.disabled=true -Dfile.encoding=utf8 -XX:+UseParallelGC -XX:GCTimeRatio=4 -XX:AdaptiveSizePolicyWeight=90 -Dsun.zip.disableMemoryMapping=true -Xmx1G -Xms100m -Xlog:disable -javaagent:c:\Users\User\.vscode\extensions\redhat.java-1.37.0-win32-x64\lombok\lombok-1.18.34.jar -XX:+HeapDumpOnOutOfMemoryError -XX:HeapDumpPath=c:\Users\User\AppData\Roaming\Code\User\workspaceStorage\4f358af1c5f4f64d15f5ca5b37deb1cd\redhat.java -Daether.dependencyCollector.impl=bf 
java_command: c:\Users\User\.vscode\extensions\redhat.java-1.37.0-win32-x64\server\plugins\org.eclipse.equinox.launcher_1.6.900.v20240613-2009.jar -configuration c:\Users\User\AppData\Roaming\Code\User\globalStorage\redhat.java\1.37.0\config_win -data c:\Users\User\AppData\Roaming\Code\User\workspaceStorage\4f358af1c5f4f64d15f5ca5b37deb1cd\redhat.java\jdt_ws --pipe=\\.\pipe\lsp-152fe64dd268f7780127718f4a5d6fd8-sock
java_class_path (initial): c:\Users\User\.vscode\extensions\redhat.java-1.37.0-win32-x64\server\plugins\org.eclipse.equinox.launcher_1.6.900.v20240613-2009.jar
Launcher Type: SUN_STANDARD

[Global flags]
    uintx AdaptiveSizePolicyWeight                 = 90                                        {product} {command line}
     intx CICompilerCount                          = 3                                         {product} {ergonomic}
    uintx GCTimeRatio                              = 4                                         {product} {command line}
     bool HeapDumpOnOutOfMemoryError               = true                                   {manageable} {command line}
    ccstr HeapDumpPath                             = c:\Users\User\AppData\Roaming\Code\User\workspaceStorage\4f358af1c5f4f64d15f5ca5b37deb1cd\redhat.java         {manageable} {command line}
   size_t InitialHeapSize                          = 104857600                                 {product} {command line}
   size_t MaxHeapSize                              = 1073741824                                {product} {command line}
   size_t MaxNewSize                               = 357564416                                 {product} {ergonomic}
   size_t MinHeapDeltaBytes                        = 524288                                    {product} {ergonomic}
   size_t MinHeapSize                              = 104857600                                 {product} {command line}
   size_t NewSize                                  = 34603008                                  {product} {ergonomic}
    uintx NonNMethodCodeHeapSize                   = 5832780                                {pd product} {ergonomic}
    uintx NonProfiledCodeHeapSize                  = 122912730                              {pd product} {ergonomic}
   size_t OldSize                                  = 70254592                                  {product} {ergonomic}
    uintx ProfiledCodeHeapSize                     = 122912730                              {pd product} {ergonomic}
    uintx ReservedCodeCacheSize                    = 251658240                              {pd product} {ergonomic}
     bool SegmentedCodeCache                       = true                                      {product} {ergonomic}
   size_t SoftMaxHeapSize                          = 1073741824                             {manageable} {ergonomic}
     bool UseCompressedClassPointers               = true                           {product lp64_product} {ergonomic}
     bool UseCompressedOops                        = true                           {product lp64_product} {ergonomic}
     bool UseLargePagesIndividualAllocation        = false                                  {pd product} {ergonomic}
     bool UseParallelGC                            = true                                      {product} {command line}

Logging:
Log output configuration:
 #0: stdout all=off uptime,level,tags
 #1: stderr all=off uptime,level,tags

Environment Variables:
PATH=C:\Program Files (x86)\NVIDIA Corporation\PhysX\Common;C:\Program Files\National Instruments\Shared\OpenVINO\;C:\Program Files\Eclipse Adoptium\jdk-17.0.8.7-hotspot\bin;C:\Program Files (x86)\Common Files\Oracle\Java\javapath;C:\Windows\system32;C:\Windows;C:\Windows\System32\Wbem;C:\Windows\System32\WindowsPowerShell\v1.0\;C:\Windows\System32\OpenSSH\;C:\Program Files\dotnet\;C:\Program Files (x86)\Intel\Intel(R) Management Engine Components\DAL;C:\Program Files\Intel\Intel(R) Management Engine Components\DAL;C:\Program Files\Git\cmd;C:\Program Files (x86)\Windows Kits\8.1\Windows Performance Toolkit\;C:\Users\User\AppData\Local\Programs\Python\Launcher\;C:\Users\User\AppData\Local\Microsoft\WindowsApps;;C:\Users\User\AppData\Local\Programs\Microsoft VS Code\bin
USERNAME=User
OS=Windows_NT
PROCESSOR_IDENTIFIER=Intel64 Family 6 Model 78 Stepping 3, GenuineIntel
TMP=C:\Users\User\AppData\Local\Temp
TEMP=C:\Users\User\AppData\Local\Temp



Periodic native trim disabled


---------------  S Y S T E M  ---------------

OS:
 Windows 11 , 64 bit Build 22621 (10.0.22621.3958)
OS uptime: 1 days 11:21 hours
Hyper-V role detected

CPU: total 4 (initial active 4) (2 cores per cpu, 2 threads per core) family 6 model 78 stepping 3 microcode 0xf0, cx8, cmov, fxsr, ht, mmx, 3dnowpref, sse, sse2, sse3, ssse3, sse4.1, sse4.2, popcnt, lzcnt, tsc, tscinvbit, avx, avx2, aes, erms, clmul, bmi1, bmi2, rtm, adx, fma, vzeroupper, clflush, clflushopt, hv
Processor Information for all 4 processors :
  Max Mhz: 2501, Current Mhz: 2501, Mhz Limit: 2501

Memory: 4k page, system-wide physical 8083M (951M free)
TotalPageFile size 15869M (AvailPageFile size 2681M)
current process WorkingSet (physical memory assigned to process): 476M, peak: 714M
current process commit charge ("private bytes"): 611M, peak: 654M

vm_info: OpenJDK 64-Bit Server VM (17.0.13+11) for windows-amd64 JRE (17.0.13+11), built on Oct 16 2024 00:10:08 by "admin" with MS VC++ 17.7 (VS2022)

END.
